\BOOKMARK [1][-]{section.0.5}{Sheaves of Modules}{}% 1
\BOOKMARK [2][-]{subsection.0.5.1}{O\(X\)-modules}{section.0.5}% 2
\BOOKMARK [2][-]{subsection.0.5.2}{Locally free OX-modules}{section.0.5}% 3
\BOOKMARK [2][-]{subsection.0.5.3}{OX-module s on affine schemes}{section.0.5}% 4
\BOOKMARK [2][-]{subsection.0.5.4}{Quasicoherent OX-module s }{section.0.5}% 5
\BOOKMARK [2][-]{subsection.0.5.5}{Coherent sheaves}{section.0.5}% 6
\BOOKMARK [2][-]{subsection.0.5.6}{Functoriality}{section.0.5}% 7
\BOOKMARK [2][-]{subsection.0.5.7}{OX-moduleson a projective scheme}{section.0.5}% 8
\BOOKMARK [2][-]{subsection.0.5.8}{Morphisms to projective spaces}{section.0.5}% 9
\BOOKMARK [2][-]{subsection.0.5.9}{Divisors}{section.0.5}% 10
\BOOKMARK [2][-]{subsection.0.5.10}{Differentials}{section.0.5}% 11
\BOOKMARK [1][-]{section.0.6}{cohomology}{}% 12
\BOOKMARK [2][-]{subsection.0.6.1}{Some \(quick\) homological algebra}{section.0.6}% 13
\BOOKMARK [2][-]{subsection.0.6.2}{Cech Cohomology}{section.0.6}% 14
\BOOKMARK [2][-]{subsection.0.6.3}{Cohomology of projective space}{section.0.6}% 15
\BOOKMARK [2][-]{subsection.0.6.4}{Higher direct images}{section.0.6}% 16
\BOOKMARK [2][-]{subsection.0.6.5}{Duality}{section.0.6}% 17
\BOOKMARK [2][-]{subsection.0.6.6}{Flat base change}{section.0.6}% 18
\BOOKMARK [1][-]{section.0.7}{Riemann-Roch and Serre duality}{}% 19
\BOOKMARK [2][-]{subsection.0.7.1}{Divisors on curves}{section.0.7}% 20
\BOOKMARK [2][-]{subsection.0.7.2}{Riemann-Roch}{section.0.7}% 21
\BOOKMARK [2][-]{subsection.0.7.3}{Residues}{section.0.7}% 22
\BOOKMARK [2][-]{subsection.0.7.4}{Serre duality}{section.0.7}% 23
\BOOKMARK [2][-]{subsection.0.7.5}{Some consequences of Riemann-Roch}{section.0.7}% 24
\BOOKMARK [2][-]{subsection.0.7.6}{Embeddings in projective space}{section.0.7}% 25
\BOOKMARK [2][-]{subsection.0.7.7}{Hyperelliptic curves}{section.0.7}% 26
\BOOKMARK [2][-]{subsection.0.7.8}{Coverings}{section.0.7}% 27
