\BOOKMARK [1][-]{section.5}{Sheaves of Modules}{}% 1
\BOOKMARK [2][-]{subsection.5.1}{OX-modules }{section.5}% 2
\BOOKMARK [2][-]{subsection.5.2}{locally free OX-modules }{section.5}% 3
\BOOKMARK [2][-]{subsection.5.3}{OX-modules on affine schemes}{section.5}% 4
\BOOKMARK [2][-]{subsection.5.4}{Quasicoherent OX-modules }{section.5}% 5
\BOOKMARK [2][-]{subsection.5.5}{Coherent sheaves}{section.5}% 6
\BOOKMARK [2][-]{subsection.5.6}{Functoriality}{section.5}% 7
\BOOKMARK [2][-]{subsection.5.7}{OX-modules on a projective scheme}{section.5}% 8
\BOOKMARK [2][-]{subsection.5.8}{Morphisms to projective spaces}{section.5}% 9
\BOOKMARK [2][-]{subsection.5.9}{Divisors}{section.5}% 10
\BOOKMARK [2][-]{subsection.5.10}{Differentials}{section.5}% 11
\BOOKMARK [1][-]{section.6}{Cohomology}{}% 12
\BOOKMARK [2][-]{subsection.6.1}{Some \(quick\) homological algebra}{section.6}% 13
\BOOKMARK [2][-]{subsection.6.2}{Cech cohomology}{section.6}% 14
\BOOKMARK [2][-]{subsection.6.3}{Cohomology of projective space}{section.6}% 15
\BOOKMARK [2][-]{subsection.6.4}{Higher direct images}{section.6}% 16
\BOOKMARK [2][-]{subsection.6.5}{Duality}{section.6}% 17
\BOOKMARK [2][-]{subsection.6.6}{Flat base change}{section.6}% 18
\BOOKMARK [1][-]{section.7}{Riemann-Roch and Serre duality}{}% 19
\BOOKMARK [2][-]{subsection.7.1}{Divisors on curves}{section.7}% 20
\BOOKMARK [2][-]{subsection.7.2}{Riemann-Roch}{section.7}% 21
\BOOKMARK [2][-]{subsection.7.3}{Residues}{section.7}% 22
\BOOKMARK [2][-]{subsection.7.4}{Serre duality}{section.7}% 23
\BOOKMARK [2][-]{subsection.7.5}{Some concequences of Riemann-Roch}{section.7}% 24
\BOOKMARK [2][-]{subsection.7.6}{Embeddings in projective space}{section.7}% 25
\BOOKMARK [2][-]{subsection.7.7}{Hyperelliptic curves}{section.7}% 26
\BOOKMARK [2][-]{subsection.7.8}{Coverings}{section.7}% 27
